{
  "stats": {
    "suites": 1,
    "tests": 4,
    "passes": 4,
    "pending": 0,
    "failures": 0,
    "start": "2022-12-09T08:47:51.516Z",
    "end": "2022-12-09T08:47:53.696Z",
    "duration": 2180,
    "testsRegistered": 4,
    "passPercent": 100,
    "pendingPercent": 0,
    "other": 0,
    "hasOther": false,
    "skipped": 0,
    "hasSkipped": false
  },
  "results": [
    {
      "uuid": "c989c890-49c4-4bee-b881-75f44216ca25",
      "title": "",
      "fullFile": "",
      "file": "",
      "beforeHooks": [],
      "afterHooks": [],
      "tests": [],
      "suites": [
        {
          "uuid": "b22a1287-7d18-4bf6-87a7-ed5036e92c46",
          "title": "Fraudcheck validation",
          "fullFile": "D:\\NTB_SA_Automation\\NTB_SA_Automation\\test\\specs\\microservices\\experience-layer-service\\fraudcheck.js",
          "file": "\\test\\specs\\microservices\\experience-layer-service\\fraudcheck.js",
          "beforeHooks": [],
          "afterHooks": [],
          "tests": [
            {
              "title": "Verify whether error responde with valid customer",
              "fullTitle": "Fraudcheck validation Verify whether error responde with valid customer",
              "timedOut": false,
              "duration": 762,
              "state": "passed",
              "speed": "slow",
              "pass": true,
              "fail": false,
              "pending": false,
              "context": "[\n  \"Request Method Type : POST\",\n  \"Request URL\",\n  \"https://app.qa-opt.idfcfirstbank.com/api/ntb/v1/fraudCheck\",\n  \"Request Body\",\n  \"{\\\"userId\\\":\\\"8368\\\",\\\"basicDetails\\\":\\\"Ab23HKcAYy+wMp7pRERPA+J2vO0+czoIc/wazd8dk0+x1ADvmJKTNcZdHszCpixUAukb1PqxC3rLqys54Hg/rZpYsYjMjwuvOQbOIGl5e/MMSaetQ+3WYMe05oQN2jolTXR0OLovUWmy1IBHD+fP3z8wFPw8GFkxM5vcxHrP7HUa4rCEfJ4hgn0UW/AtWtVEdgfZMQPbyQdxlPgyKXQZppE3WxbHXUAzIlLzJwf3kE5NnHZE23FA8d0/wYTYBN7dW4EkN3+ImUEx/Grl87buylrLlaVghAX87y8PkxA4m7rniRBHYtMddeoPPIzqZAtbcDiiLWcxlNvJSh7IDPApz0OsYC4S3slBaTDrSzGmh2fiQXrg3R2qm4Dwn91H0pl1cFQ1s1SjXn/TRPMbLAXhVK4cmTf4GPZbQ/awH2sa396UVoIjTi8giGmeAK7yEuTS5SjhihPzcwSj65smiLAmrExN2MsOLAaQMbdXlQSaX1uVHC0LRa//y04bo+856xD3CwttEwAbo409/AvPRE2pM8BnzQADwpC1X4TlriWYWfesI1qZ3fhdj8HMBmC2chCUX8BhtPyzdayBJFUhroKseNf4JaUCBWRdxeiCdZL+1ADy6UkGW4dmxJ48pG7eGv1EoppO6b6BR1n8yyBqKkfzjBA8JqErO4j2ggGQNOQGbFkdcraymtGoinVY+xJqBcU/9CvRkAqnJ+ecjVBncRQ+g9vK4A2qwt0fQ3CDxSGK5OYGQq3V0r77SK6RDkFF8v4fgdnW9NWMNI3eTMkkNbQSdRa0uVj4DlwYH1V0d1xF4W/QEE9vdBERLnCVxZmSgNCNsxrShDqwwstY04jmZwKagmRxB6YFf9uyfYxcad6kw1o0ZeQofU6mw0hph+uEQWg71jHKVnU2iv55HKW2QRTss3bOEOL/rUr6Gva/0VNPS20rEFWliGT1CQz8wus3/vCMikUWDWxr5qKBMcspuXWN5w==\\\"}\",\n  \"Response\",\n  \"{\\\"status\\\":\\\"SUCCESS\\\",\\\"responseCd\\\":\\\"00\\\",\\\"enquireCibilAndCheckFraudResp\\\":{\\\"metaData\\\":{\\\"status\\\":\\\"SUCCESS\\\",\\\"message\\\":\\\" \\\",\\\"version\\\":\\\"\\\",\\\"code\\\":null,\\\"time\\\":\\\"2022-10-07T10:47:43.531Z\\\"},\\\"resourceData\\\":{\\\"id\\\":\\\"9903779325\\\",\\\"response\\\":\\\"PASSED\\\",\\\"errorMessage\\\":\\\"NA\\\",\\\"lowAffluenceBand\\\":true,\\\"minAmount\\\":\\\"1000\\\",\\\"maxAmount\\\":\\\"5000\\\",\\\"affluenceBand\\\":\\\"L\\\"}}}\"\n]",
              "code": "",
              "err": {},
              "uuid": "a9b0a6f8-b1af-48d9-9894-07f1eee54635",
              "parentUUID": "b22a1287-7d18-4bf6-87a7-ed5036e92c46",
              "isHook": false,
              "skipped": false
            },
            {
              "title": "Verify whether error responde with customer status as fraud",
              "fullTitle": "Fraudcheck validation Verify whether error responde with customer status as fraud",
              "timedOut": false,
              "duration": 518,
              "state": "passed",
              "speed": "slow",
              "pass": true,
              "fail": false,
              "pending": false,
              "context": "[\n  \"Request Method Type : POST\",\n  \"Request URL\",\n  \"https://app.qa-opt.idfcfirstbank.com/api/ntb/v1/fraudCheck\",\n  \"Request Body\",\n  \"{\\\"userId\\\":\\\"8368\\\",\\\"basicDetails\\\":\\\"Ab23HKcAYy+wMp7pRERPA+J2vO0+czoIc/wazd8dk0+x1ADvmJKTNcZdHszCpixUAukb1PqxC3rLqys54Hg/rZpYsYjMjwuvOQbOIGl5e/MMSaetQ+3WYMe05oQN2jolTXR0OLovUWmy1IBHD+fP3z8wFPw8GFkxM5vcxHrP7HUa4rCEfJ4hgn0UW/AtWtVEdgfZMQPbyQdxlPgyKXQZppE3WxbHXUAzIlLzJwf3kE5NnHZE23FA8d0/wYTYBN7dW4EkN3+ImUEx/Grl87buylrLlaVghAX87y8PkxA4m7rniRBHYtMddeoPPIzqZAtbcDiiLWcxlNvJSh7IDPApz0OsYC4S3slBaTDrSzGmh2fiQXrg3R2qm4Dwn91H0pl1cFQ1s1SjXn/TRPMbLAXhVK4cmTf4GPZbQ/awH2sa396UVoIjTi8giGmeAK7yEuTS5SjhihPzcwSj65smiLAmrExN2MsOLAaQMbdXlQSaX1uVHC0LRa//y04bo+856xD3CwttEwAbo409/AvPRE2pM8BnzQADwpC1X4TlriWYWfesI1qZ3fhdj8HMBmC2chCUX8BhtPyzdayBJFUhroKseNf4JaUCBWRdxeiCdZL+1ADy6UkGW4dmxJ48pG7eGv1EoppO6b6BR1n8yyBqKkfzjBA8JqErO4j2ggGQNOQGbFkdcraymtGoinVY+xJqBcU/9CvRkAqnJ+ecjVBncRQ+g9vK4A2qwt0fQ3CDxSGK5OYGQq3V0r77SK6RDkFF8v4fgdnW9NWMNI3eTMkkNbQSdRa0uVj4DlwYH1V0d1xF4W/QEE9vdBERLnCVxZmSgNCNsxrShDqwwstY04jmZwKagmRxB6YFf9uyfYxcad6kw1o0ZeQofU6mw0hph+uEQWg71jHKVnU2iv55HKW2QRTss3bOEOL/rUr6Gva/0VNPS20rEFWliGT1CQz8wus3/vCMikUWDWxr5qKBMcspuXWN5w==\\\"}\",\n  \"Response\",\n  \"{\\\"status\\\":\\\"SUCCESS\\\",\\\"responseCd\\\":\\\"00\\\",\\\"enquireCibilAndCheckFraudResp\\\":{\\\"metaData\\\":{\\\"status\\\":\\\"SUCCESS\\\",\\\"message\\\":\\\" \\\",\\\"version\\\":\\\"\\\",\\\"code\\\":null,\\\"time\\\":\\\"2022-10-07T10:47:43.531Z\\\"},\\\"resourceData\\\":{\\\"id\\\":\\\"9903779325\\\",\\\"response\\\":\\\"PASSED\\\",\\\"errorMessage\\\":\\\"NA\\\",\\\"lowAffluenceBand\\\":true,\\\"minAmount\\\":\\\"1000\\\",\\\"maxAmount\\\":\\\"5000\\\",\\\"affluenceBand\\\":\\\"L\\\"}}}\"\n]",
              "code": "",
              "err": {},
              "uuid": "83c534c2-29aa-4a43-9543-7d4f548a6f16",
              "parentUUID": "b22a1287-7d18-4bf6-87a7-ed5036e92c46",
              "isHook": false,
              "skipped": false
            },
            {
              "title": "Verify whether fraud check with error",
              "fullTitle": "Fraudcheck validation Verify whether fraud check with error",
              "timedOut": false,
              "duration": 413,
              "state": "passed",
              "speed": "slow",
              "pass": true,
              "fail": false,
              "pending": false,
              "context": "[\n  \"Request Method Type : POST\",\n  \"Request URL\",\n  \"https://app.qa-opt.idfcfirstbank.com/api/ntb/v1/fraudCheck\",\n  \"Request Body\",\n  \"{\\\"userId\\\":\\\"8368\\\",\\\"basicDetails\\\":\\\"Ab23HKcAYy+wMp7pRERPA+J2vO0+czoIc/wazd8dk0+x1ADvmJKTNcZdHszCpixUAukb1PqxC3rLqys54Hg/rZpYsYjMjwuvOQbOIGl5e/MMSaetQ+3WYMe05oQN2jolTXR0OLovUWmy1IBHD+fP3z8wFPw8GFkxM5vcxHrP7HUa4rCEfJ4hgn0UW/AtWtVEdgfZMQPbyQdxlPgyKXQZppE3WxbHXUAzIlLzJwf3kE5NnHZE23FA8d0/wYTYBN7dW4EkN3+ImUEx/Grl87buylrLlaVghAX87y8PkxA4m7rniRBHYtMddeoPPIzqZAtbcDiiLWcxlNvJSh7IDPApz0OsYC4S3slBaTDrSzGmh2fiQXrg3R2qm4Dwn91H0pl1cFQ1s1SjXn/TRPMbLAXhVK4cmTf4GPZbQ/awH2sa396UVoIjTi8giGmeAK7yEuTS5SjhihPzcwSj65smiLAmrExN2MsOLAaQMbdXlQSaX1uVHC0LRa//y04bo+856xD3CwttEwAbo409/AvPRE2pM8BnzQADwpC1X4TlriWYWfesI1qZ3fhdj8HMBmC2chCUX8BhtPyzdayBJFUhroKseNf4JaUCBWRdxeiCdZL+1ADy6UkGW4dmxJ48pG7eGv1EoppO6b6BR1n8yyBqKkfzjBA8JqErO4j2ggGQNOQGbFkdcraymtGoinVY+xJqBcU/9CvRkAqnJ+ecjVBncRQ+g9vK4A2qwt0fQ3CDxSGK5OYGQq3V0r77SK6RDkFF8v4fgdnW9NWMNI3eTMkkNbQSdRa0uVj4DlwYH1V0d1xF4W/QEE9vdBERLnCVxZmSgNCNsxrShDqwwstY04jmZwKagmRxB6YFf9uyfYxcad6kw1o0ZeQofU6mw0hph+uEQWg71jHKVnU2iv55HKW2QRTss3bOEOL/rUr6Gva/0VNPS20rEFWliGT1CQz8wus3/vCMikUWDWxr5qKBMcspuXWN5w==\\\"}\",\n  \"Response\",\n  \"{\\\"status\\\":\\\"SUCCESS\\\",\\\"responseCd\\\":\\\"00\\\",\\\"enquireCibilAndCheckFraudResp\\\":{\\\"metaData\\\":{\\\"status\\\":\\\"SUCCESS\\\",\\\"message\\\":\\\" \\\",\\\"version\\\":\\\"\\\",\\\"code\\\":null,\\\"time\\\":\\\"2022-10-07T10:47:43.531Z\\\"},\\\"resourceData\\\":{\\\"id\\\":\\\"9903779325\\\",\\\"response\\\":\\\"PASSED\\\",\\\"errorMessage\\\":\\\"NA\\\",\\\"lowAffluenceBand\\\":true,\\\"minAmount\\\":\\\"1000\\\",\\\"maxAmount\\\":\\\"5000\\\",\\\"affluenceBand\\\":\\\"L\\\"}}}\"\n]",
              "code": "",
              "err": {},
              "uuid": "197d61ca-a665-415d-bba1-59ef78d2fae5",
              "parentUUID": "b22a1287-7d18-4bf6-87a7-ed5036e92c46",
              "isHook": false,
              "skipped": false
            },
            {
              "title": "Verify whether error responde fraud check with delayed",
              "fullTitle": "Fraudcheck validation Verify whether error responde fraud check with delayed",
              "timedOut": false,
              "duration": 474,
              "state": "passed",
              "speed": "slow",
              "pass": true,
              "fail": false,
              "pending": false,
              "context": "[\n  \"Request Method Type : POST\",\n  \"Request URL\",\n  \"https://app.qa-opt.idfcfirstbank.com/api/ntb/v1/fraudCheck\",\n  \"Request Body\",\n  \"{\\\"userId\\\":\\\"8368\\\",\\\"basicDetails\\\":\\\"Ab23HKcAYy+wMp7pRERPA+J2vO0+czoIc/wazd8dk0+x1ADvmJKTNcZdHszCpixUAukb1PqxC3rLqys54Hg/rZpYsYjMjwuvOQbOIGl5e/MMSaetQ+3WYMe05oQN2jolTXR0OLovUWmy1IBHD+fP3z8wFPw8GFkxM5vcxHrP7HUa4rCEfJ4hgn0UW/AtWtVEdgfZMQPbyQdxlPgyKXQZppE3WxbHXUAzIlLzJwf3kE5NnHZE23FA8d0/wYTYBN7dW4EkN3+ImUEx/Grl87buylrLlaVghAX87y8PkxA4m7rniRBHYtMddeoPPIzqZAtbcDiiLWcxlNvJSh7IDPApz0OsYC4S3slBaTDrSzGmh2fiQXrg3R2qm4Dwn91H0pl1cFQ1s1SjXn/TRPMbLAXhVK4cmTf4GPZbQ/awH2sa396UVoIjTi8giGmeAK7yEuTS5SjhihPzcwSj65smiLAmrExN2MsOLAaQMbdXlQSaX1uVHC0LRa//y04bo+856xD3CwttEwAbo409/AvPRE2pM8BnzQADwpC1X4TlriWYWfesI1qZ3fhdj8HMBmC2chCUX8BhtPyzdayBJFUhroKseNf4JaUCBWRdxeiCdZL+1ADy6UkGW4dmxJ48pG7eGv1EoppO6b6BR1n8yyBqKkfzjBA8JqErO4j2ggGQNOQGbFkdcraymtGoinVY+xJqBcU/9CvRkAqnJ+ecjVBncRQ+g9vK4A2qwt0fQ3CDxSGK5OYGQq3V0r77SK6RDkFF8v4fgdnW9NWMNI3eTMkkNbQSdRa0uVj4DlwYH1V0d1xF4W/QEE9vdBERLnCVxZmSgNCNsxrShDqwwstY04jmZwKagmRxB6YFf9uyfYxcad6kw1o0ZeQofU6mw0hph+uEQWg71jHKVnU2iv55HKW2QRTss3bOEOL/rUr6Gva/0VNPS20rEFWliGT1CQz8wus3/vCMikUWDWxr5qKBMcspuXWN5w==\\\"}\",\n  \"Response\",\n  \"{\\\"status\\\":\\\"SUCCESS\\\",\\\"responseCd\\\":\\\"00\\\",\\\"enquireCibilAndCheckFraudResp\\\":{\\\"metaData\\\":{\\\"status\\\":\\\"SUCCESS\\\",\\\"message\\\":\\\" \\\",\\\"version\\\":\\\"\\\",\\\"code\\\":null,\\\"time\\\":\\\"2022-10-07T10:47:43.531Z\\\"},\\\"resourceData\\\":{\\\"id\\\":\\\"9903779325\\\",\\\"response\\\":\\\"PASSED\\\",\\\"errorMessage\\\":\\\"NA\\\",\\\"lowAffluenceBand\\\":true,\\\"minAmount\\\":\\\"1000\\\",\\\"maxAmount\\\":\\\"5000\\\",\\\"affluenceBand\\\":\\\"L\\\"}}}\"\n]",
              "code": "",
              "err": {},
              "uuid": "51522b6c-1a62-4282-8e39-6cb2b52b959c",
              "parentUUID": "b22a1287-7d18-4bf6-87a7-ed5036e92c46",
              "isHook": false,
              "skipped": false
            }
          ],
          "suites": [],
          "passes": [
            "a9b0a6f8-b1af-48d9-9894-07f1eee54635",
            "83c534c2-29aa-4a43-9543-7d4f548a6f16",
            "197d61ca-a665-415d-bba1-59ef78d2fae5",
            "51522b6c-1a62-4282-8e39-6cb2b52b959c"
          ],
          "failures": [],
          "pending": [],
          "skipped": [],
          "duration": 2167,
          "root": false,
          "rootEmpty": false,
          "_timeout": 90000
        }
      ],
      "passes": [],
      "failures": [],
      "pending": [],
      "skipped": [],
      "duration": 0,
      "root": true,
      "rootEmpty": true,
      "_timeout": 90000
    }
  ],
  "meta": {
    "mocha": {
      "version": "9.1.4"
    },
    "mochawesome": {
      "options": {
        "quiet": false,
        "reportFilename": "mochawesome",
        "saveHtml": true,
        "saveJson": true,
        "consoleReporter": "spec",
        "useInlineDiffs": false,
        "code": false
      },
      "version": "6.3.1"
    },
    "marge": {
      "options": {
        "code": "false",
        "inline": "true",
        "overwrite": "true",
        "reportTitle": "NTB SA Automation Test Report",
        "reportDir": "test-execution_report/microservice",
        "--require mochawesome/register test/specs/microservices/**/*.js": true
      },
      "version": "5.2.0"
    }
  }
}