{
  "stats": {
    "suites": 1,
    "tests": 6,
    "passes": 0,
    "pending": 0,
    "failures": 6,
    "start": "2023-04-20T06:18:17.748Z",
    "end": "2023-04-20T06:18:18.453Z",
    "duration": 705,
    "testsRegistered": 6,
    "passPercent": 0,
    "pendingPercent": 0,
    "other": 0,
    "hasOther": false,
    "skipped": 0,
    "hasSkipped": false
  },
  "results": [
    {
      "uuid": "fa908475-4b7a-49af-b3db-47cb976aaa70",
      "title": "",
      "fullFile": "",
      "file": "",
      "beforeHooks": [],
      "afterHooks": [],
      "tests": [],
      "suites": [
        {
          "uuid": "5bc562cb-0dbd-43e6-95c1-37c8a455ba33",
          "title": "Shedule later Service validation",
          "fullFile": "D:\\NTB_SA_Automation\\NTB_SA_Automation\\test\\specs\\microservices\\customer-service\\shedule_later.js",
          "file": "\\test\\specs\\microservices\\customer-service\\shedule_later.js",
          "beforeHooks": [],
          "afterHooks": [],
          "tests": [
            {
              "title": "Verify whether shedule later with valid data",
              "fullTitle": "Shedule later Service validation Verify whether shedule later with valid data",
              "timedOut": false,
              "duration": 202,
              "state": "failed",
              "speed": null,
              "pass": false,
              "fail": true,
              "pending": false,
              "context": "[\n  \"Request Method Type : POST\",\n  \"Request URL\",\n  \"https://app.qa-ntb.idfcfirstbank.com/api/ntb/v1/vkyc/scheduleLater\",\n  \"Request Body\",\n  \"{\\\"userId\\\":1740,\\\"scheduledTime\\\":\\\"2022-01-11T13:00:00\\\"}\",\n  \"Response\",\n  \"Not Available\"\n]",
              "code": "",
              "err": {
                "message": "AssertionError: expected 401 to deeply equal 200",
                "estack": "AssertionError: expected 401 to deeply equal 200\n    at Context.<anonymous> (test\\specs\\microservices\\customer-service\\shedule_later.js:13:45)\n    at processTicksAndRejections (internal/process/task_queues.js:95:5)",
                "diff": "- 401\n+ 200\n"
              },
              "uuid": "8ca53693-1cd3-446d-aac3-5afd347788d9",
              "parentUUID": "5bc562cb-0dbd-43e6-95c1-37c8a455ba33",
              "isHook": false,
              "skipped": false
            },
            {
              "title": "Verify whether shedule later without timing",
              "fullTitle": "Shedule later Service validation Verify whether shedule later without timing",
              "timedOut": false,
              "duration": 92,
              "state": "failed",
              "speed": null,
              "pass": false,
              "fail": true,
              "pending": false,
              "context": "[\n  \"Request Method Type : POST\",\n  \"Request URL\",\n  \"https://app.qa-ntb.idfcfirstbank.com/api/ntb/v1/vkyc/scheduleLater\",\n  \"Request Body\",\n  \"{\\\"userId\\\":1740,\\\"scheduledTime\\\":\\\"2022-03-09\\\"}\",\n  \"Response\",\n  \"Not Available\"\n]",
              "code": "",
              "err": {
                "message": "AssertionError: expected 401 to deeply equal 200",
                "estack": "AssertionError: expected 401 to deeply equal 200\n    at Context.<anonymous> (test\\specs\\microservices\\customer-service\\shedule_later.js:25:45)\n    at processTicksAndRejections (internal/process/task_queues.js:95:5)",
                "diff": "- 401\n+ 200\n"
              },
              "uuid": "a820dc76-5656-4d0c-bc75-2c6f764453e1",
              "parentUUID": "5bc562cb-0dbd-43e6-95c1-37c8a455ba33",
              "isHook": false,
              "skipped": false
            },
            {
              "title": "Verify whether shedule later without date",
              "fullTitle": "Shedule later Service validation Verify whether shedule later without date",
              "timedOut": false,
              "duration": 99,
              "state": "failed",
              "speed": null,
              "pass": false,
              "fail": true,
              "pending": false,
              "context": "[\n  \"Request Method Type : POST\",\n  \"Request URL\",\n  \"https://app.qa-ntb.idfcfirstbank.com/api/ntb/v1/vkyc/scheduleLater\",\n  \"Request Body\",\n  \"{\\\"userId\\\":1740,\\\"scheduledTime\\\":\\\"T13:00:00\\\"}\",\n  \"Response\",\n  \"Not Available\"\n]",
              "code": "",
              "err": {
                "message": "AssertionError: expected 401 to deeply equal 200",
                "estack": "AssertionError: expected 401 to deeply equal 200\n    at Context.<anonymous> (test\\specs\\microservices\\customer-service\\shedule_later.js:35:45)\n    at processTicksAndRejections (internal/process/task_queues.js:95:5)",
                "diff": "- 401\n+ 200\n"
              },
              "uuid": "f24989e0-395d-498b-a9db-b9ecfbbe9d41",
              "parentUUID": "5bc562cb-0dbd-43e6-95c1-37c8a455ba33",
              "isHook": false,
              "skipped": false
            },
            {
              "title": "Verify whether shedule later with blank data",
              "fullTitle": "Shedule later Service validation Verify whether shedule later with blank data",
              "timedOut": false,
              "duration": 94,
              "state": "failed",
              "speed": null,
              "pass": false,
              "fail": true,
              "pending": false,
              "context": "[\n  \"Request Method Type : POST\",\n  \"Request URL\",\n  \"https://app.qa-ntb.idfcfirstbank.com/api/ntb/v1/vkyc/scheduleLater\",\n  \"Request Body\",\n  \"{\\\"userId\\\":1740,\\\"scheduledTime\\\":\\\"\\\"}\",\n  \"Response\",\n  \"Not Available\"\n]",
              "code": "",
              "err": {
                "message": "AssertionError: expected 401 to deeply equal 200",
                "estack": "AssertionError: expected 401 to deeply equal 200\n    at Context.<anonymous> (test\\specs\\microservices\\customer-service\\shedule_later.js:45:45)\n    at processTicksAndRejections (internal/process/task_queues.js:95:5)",
                "diff": "- 401\n+ 200\n"
              },
              "uuid": "62024b73-545f-4b5d-ac33-3810bd7e00f6",
              "parentUUID": "5bc562cb-0dbd-43e6-95c1-37c8a455ba33",
              "isHook": false,
              "skipped": false
            },
            {
              "title": "Verify whether shedule later with previous date",
              "fullTitle": "Shedule later Service validation Verify whether shedule later with previous date",
              "timedOut": false,
              "duration": 110,
              "state": "failed",
              "speed": null,
              "pass": false,
              "fail": true,
              "pending": false,
              "context": "[\n  \"Request Method Type : POST\",\n  \"Request URL\",\n  \"https://app.qa-ntb.idfcfirstbank.com/api/ntb/v1/vkyc/scheduleLater\",\n  \"Request Body\",\n  \"{\\\"userId\\\":1740,\\\"scheduledTime\\\":\\\"2022-03-09T13:00:00\\\"}\",\n  \"Response\",\n  \"Not Available\"\n]",
              "code": "",
              "err": {
                "message": "AssertionError: expected 401 to deeply equal 200",
                "estack": "AssertionError: expected 401 to deeply equal 200\n    at Context.<anonymous> (test\\specs\\microservices\\customer-service\\shedule_later.js:54:45)\n    at processTicksAndRejections (internal/process/task_queues.js:95:5)",
                "diff": "- 401\n+ 200\n"
              },
              "uuid": "84a3621b-16b7-465a-990c-9e9ccb39dbf8",
              "parentUUID": "5bc562cb-0dbd-43e6-95c1-37c8a455ba33",
              "isHook": false,
              "skipped": false
            },
            {
              "title": "Verify whether shedule later with slot after two days",
              "fullTitle": "Shedule later Service validation Verify whether shedule later with slot after two days",
              "timedOut": false,
              "duration": 92,
              "state": "failed",
              "speed": null,
              "pass": false,
              "fail": true,
              "pending": false,
              "context": "[\n  \"Request Method Type : POST\",\n  \"Request URL\",\n  \"https://app.qa-ntb.idfcfirstbank.com/api/ntb/v1/vkyc/scheduleLater\",\n  \"Request Body\",\n  \"{\\\"userId\\\":1740,\\\"scheduledTime\\\":\\\"2022-03-11T13:00:00\\\"}\",\n  \"Response\",\n  \"Not Available\"\n]",
              "code": "",
              "err": {
                "message": "AssertionError: expected 401 to deeply equal 200",
                "estack": "AssertionError: expected 401 to deeply equal 200\n    at Context.<anonymous> (test\\specs\\microservices\\customer-service\\shedule_later.js:64:45)\n    at processTicksAndRejections (internal/process/task_queues.js:95:5)",
                "diff": "- 401\n+ 200\n"
              },
              "uuid": "0ea47f16-ded8-4a03-a860-3f3a0421c1ef",
              "parentUUID": "5bc562cb-0dbd-43e6-95c1-37c8a455ba33",
              "isHook": false,
              "skipped": false
            }
          ],
          "suites": [],
          "passes": [],
          "failures": [
            "8ca53693-1cd3-446d-aac3-5afd347788d9",
            "a820dc76-5656-4d0c-bc75-2c6f764453e1",
            "f24989e0-395d-498b-a9db-b9ecfbbe9d41",
            "62024b73-545f-4b5d-ac33-3810bd7e00f6",
            "84a3621b-16b7-465a-990c-9e9ccb39dbf8",
            "0ea47f16-ded8-4a03-a860-3f3a0421c1ef"
          ],
          "pending": [],
          "skipped": [],
          "duration": 689,
          "root": false,
          "rootEmpty": false,
          "_timeout": 90000
        }
      ],
      "passes": [],
      "failures": [],
      "pending": [],
      "skipped": [],
      "duration": 0,
      "root": true,
      "rootEmpty": true,
      "_timeout": 90000
    }
  ],
  "meta": {
    "mocha": {
      "version": "9.1.4"
    },
    "mochawesome": {
      "options": {
        "quiet": false,
        "reportFilename": "mochawesome",
        "saveHtml": true,
        "saveJson": true,
        "consoleReporter": "spec",
        "useInlineDiffs": false,
        "code": false
      },
      "version": "6.3.1"
    },
    "marge": {
      "options": {
        "code": "false",
        "inline": "true",
        "overwrite": "true",
        "reportTitle": "NTB SA Automation Test Report",
        "reportDir": "test-execution_report/microservice",
        "--require mochawesome/register test/specs/microservices/**/*.js": true
      },
      "version": "5.2.0"
    }
  }
}